<?xml version="1.0" encoding="UTF-8"?>
<robot generator="Robot 7.3.2 (Python 3.14.0 on win32)" generated="2025-11-24T16:09:29.916465" rpa="false" schemaversion="5">
<suite id="s1" name="Signup" source="C:\Users\leandro.sasouza\Documents\projects\walkdog-robot\signup.robot">
<test id="s1-t1" name="Deve poder cadastrar um novo dog walker" line="8">
<kw name="Set Variable" owner="BuiltIn">
<msg time="2025-11-24T16:09:30.083029" level="INFO">${name} = Leandro Souza</msg>
<var>${name}</var>
<arg>Leandro Souza</arg>
<doc>Returns the given values which can then be assigned to a variables.</doc>
<status status="PASS" start="2025-11-24T16:09:30.082819" elapsed="0.000241"/>
</kw>
<kw name="Set Variable" owner="BuiltIn">
<msg time="2025-11-24T16:09:30.083406" level="INFO">${email} = testecodigo@gmail.com</msg>
<var>${email}</var>
<arg>testecodigo@gmail.com</arg>
<doc>Returns the given values which can then be assigned to a variables.</doc>
<status status="PASS" start="2025-11-24T16:09:30.083245" elapsed="0.000185"/>
</kw>
<kw name="Set Variable" owner="BuiltIn">
<msg time="2025-11-24T16:09:30.083703" level="INFO">${cpf} = 00000014141</msg>
<var>${cpf}</var>
<arg>00000014141</arg>
<doc>Returns the given values which can then be assigned to a variables.</doc>
<status status="PASS" start="2025-11-24T16:09:30.083574" elapsed="0.000147"/>
</kw>
<kw name="Set Variable" owner="BuiltIn">
<msg time="2025-11-24T16:09:30.083958" level="INFO">${cep} = 04534011</msg>
<var>${cep}</var>
<arg>04534011</arg>
<doc>Returns the given values which can then be assigned to a variables.</doc>
<status status="PASS" start="2025-11-24T16:09:30.083842" elapsed="0.000135"/>
</kw>
<kw name="Set Variable" owner="BuiltIn">
<msg time="2025-11-24T16:09:30.084209" level="INFO">${addressStreet} = Rua Joaquim Floriano</msg>
<var>${addressStreet}</var>
<arg>Rua Joaquim Floriano</arg>
<doc>Returns the given values which can then be assigned to a variables.</doc>
<status status="PASS" start="2025-11-24T16:09:30.084096" elapsed="0.000131"/>
</kw>
<kw name="Set Variable" owner="BuiltIn">
<msg time="2025-11-24T16:09:30.084463" level="INFO">${addressNumber} = 22</msg>
<var>${addressNumber}</var>
<arg>22</arg>
<doc>Returns the given values which can then be assigned to a variables.</doc>
<status status="PASS" start="2025-11-24T16:09:30.084340" elapsed="0.000140"/>
</kw>
<kw name="Set Variable" owner="BuiltIn">
<msg time="2025-11-24T16:09:30.084698" level="INFO">${addressDetails} = Esquina</msg>
<var>${addressDetails}</var>
<arg>Esquina</arg>
<doc>Returns the given values which can then be assigned to a variables.</doc>
<status status="PASS" start="2025-11-24T16:09:30.084592" elapsed="0.000122"/>
</kw>
<kw name="Set Variable" owner="BuiltIn">
<msg time="2025-11-24T16:09:30.084924" level="INFO">${addressDistrict} = Itaim Bibi</msg>
<var>${addressDistrict}</var>
<arg>Itaim Bibi</arg>
<doc>Returns the given values which can then be assigned to a variables.</doc>
<status status="PASS" start="2025-11-24T16:09:30.084818" elapsed="0.000123"/>
</kw>
<kw name="Set Variable" owner="BuiltIn">
<msg time="2025-11-24T16:09:30.085267" level="INFO">${addressCityUf} = São Paulo/SP</msg>
<var>${addressCityUf}</var>
<arg>São Paulo/SP</arg>
<doc>Returns the given values which can then be assigned to a variables.</doc>
<status status="PASS" start="2025-11-24T16:09:30.085090" elapsed="0.000205"/>
</kw>
<kw name="New Browser" owner="Browser">
<msg time="2025-11-24T16:09:30.086357" level="INFO">{"browser": "chromium", "headless": false, "chromiumSandbox": false, "devtools": false, "handleSIGHUP": true, "handleSIGINT": true, "handleSIGTERM": true, "slowMo": 0.0, "timeout": 30000.0, "tracesDir": "C:\\Users\\leandro.sasouza\\Documents\\projects\\walkdog-robot\\logs\\browser\\traces\\temp\\cf7ef19a-7d50-4444-a1a9-ffeaeb0b5fd4"}</msg>
<msg time="2025-11-24T16:09:30.259474" level="INFO">Starting Browser process C:\Users\leandro.sasouza\AppData\Local\Python\pythoncore-3.14-64\Lib\site-packages\Browser\wrapper\index.js using at 127.0.0.1:57801</msg>
<msg time="2025-11-24T16:09:31.163287" level="INFO">Successfully created browser with options: {"browser":"chromium","headless":false,"chromiumSandbox":false,"devtools":false,"handleSIGHUP":true,"handleSIGINT":true,"handleSIGTERM":true,"slowMo":0,"timeout":30000,"tracesDir":"C:\\Users\\leandro.sasouza\\Documents\\projects\\walkdog-robot\\logs\\browser\\traces\\temp\\cf7ef19a-7d50-4444-a1a9-ffeaeb0b5fd4"}</msg>
<arg>browser=chromium</arg>
<arg>headless=False</arg>
<tag>BrowserControl</tag>
<tag>Setter</tag>
<doc>Create a new playwright Browser with specified options.</doc>
<status status="PASS" start="2025-11-24T16:09:30.085711" elapsed="1.077786"/>
</kw>
<kw name="New Page" owner="Browser">
<msg time="2025-11-24T16:09:32.521032" level="INFO">Successfully initialized new page object and opened url: https://walkdog.vercel.app/signup</msg>
<msg time="2025-11-24T16:09:32.521136" level="INFO">No context was open. New context was automatically opened when this page is created.</msg>
<arg>https://walkdog.vercel.app/signup</arg>
<tag>BrowserControl</tag>
<tag>Setter</tag>
<doc>Open a new Page.</doc>
<status status="PASS" start="2025-11-24T16:09:31.163918" elapsed="1.357675"/>
</kw>
<kw name="Wait For Elements State" owner="Browser">
<msg time="2025-11-24T16:09:32.548801" level="INFO">Waited for Element with selector form h1 at state visible</msg>
<arg>form h1</arg>
<arg>visible</arg>
<arg>5000</arg>
<tag>PageContent</tag>
<tag>Wait</tag>
<doc>Waits for the element found by ``selector`` to satisfy state option.</doc>
<status status="PASS" start="2025-11-24T16:09:32.522444" elapsed="0.026482"/>
</kw>
<kw name="Get Text" owner="Browser">
<msg time="2025-11-24T16:09:32.574155" level="INFO">Text: 'Faça seu cadastro'</msg>
<arg>form h1</arg>
<arg>equal</arg>
<arg>Faça seu cadastro</arg>
<tag>Assertion</tag>
<tag>Getter</tag>
<tag>PageContent</tag>
<doc>Returns text attribute of the element found by ``selector``.</doc>
<status status="PASS" start="2025-11-24T16:09:32.549264" elapsed="0.024994"/>
</kw>
<kw name="Fill Text" owner="Browser">
<msg time="2025-11-24T16:09:32.575138" level="INFO">Fills the text 'Leandro Souza' in the given field.</msg>
<arg>css=input[name=name]</arg>
<arg>${name}</arg>
<tag>PageContent</tag>
<tag>Setter</tag>
<doc>Clears and fills the given ``txt`` into the text field found by ``selector``.</doc>
<status status="PASS" start="2025-11-24T16:09:32.574619" elapsed="0.013406"/>
</kw>
<kw name="Fill Text" owner="Browser">
<msg time="2025-11-24T16:09:32.589015" level="INFO">Fills the text 'testecodigo@gmail.com' in the given field.</msg>
<arg>css=input[name=email]</arg>
<arg>${email}</arg>
<tag>PageContent</tag>
<tag>Setter</tag>
<doc>Clears and fills the given ``txt`` into the text field found by ``selector``.</doc>
<status status="PASS" start="2025-11-24T16:09:32.588407" elapsed="0.012555"/>
</kw>
<kw name="Fill Text" owner="Browser">
<msg time="2025-11-24T16:09:32.601803" level="INFO">Fills the text '00000014141' in the given field.</msg>
<arg>css=input[name=cpf]</arg>
<arg>${cpf}</arg>
<tag>PageContent</tag>
<tag>Setter</tag>
<doc>Clears and fills the given ``txt`` into the text field found by ``selector``.</doc>
<status status="PASS" start="2025-11-24T16:09:32.601223" elapsed="0.013133"/>
</kw>
<kw name="Fill Text" owner="Browser">
<msg time="2025-11-24T16:09:32.615190" level="INFO">Fills the text '04534011' in the given field.</msg>
<arg>css=input[name=cep]</arg>
<arg>${cep}</arg>
<tag>PageContent</tag>
<tag>Setter</tag>
<doc>Clears and fills the given ``txt`` into the text field found by ``selector``.</doc>
<status status="PASS" start="2025-11-24T16:09:32.614676" elapsed="0.011325"/>
</kw>
<kw name="Click" owner="Browser">
<msg time="2025-11-24T16:09:32.626800" level="INFO">Clicks the element 'css=input[type=button][value$=CEP]'.</msg>
<arg>css=input[type=button][value$=CEP]</arg>
<tag>PageContent</tag>
<tag>Setter</tag>
<doc>Simulates mouse click on the element found by ``selector``.</doc>
<status status="PASS" start="2025-11-24T16:09:32.626361" elapsed="0.040573"/>
</kw>
<kw name="Get Property" owner="Browser">
<msg time="2025-11-24T16:09:33.096169" level="INFO">Property: 'Rua Joaquim Floriano'</msg>
<arg>css=input[name=addressStreet]</arg>
<arg>value</arg>
<arg>equal</arg>
<arg>${addressStreet}</arg>
<tag>Assertion</tag>
<tag>Getter</tag>
<tag>PageContent</tag>
<doc>Returns the ``property`` of the element found by ``selector``.</doc>
<status status="PASS" start="2025-11-24T16:09:32.667292" elapsed="0.428984"/>
</kw>
<kw name="Get Property" owner="Browser">
<msg time="2025-11-24T16:09:33.103448" level="INFO">Property: 'Itaim Bibi'</msg>
<arg>css=input[name=addressDistrict]</arg>
<arg>value</arg>
<arg>equal</arg>
<arg>${addressDistrict}</arg>
<tag>Assertion</tag>
<tag>Getter</tag>
<tag>PageContent</tag>
<doc>Returns the ``property`` of the element found by ``selector``.</doc>
<status status="PASS" start="2025-11-24T16:09:33.096587" elapsed="0.006943"/>
</kw>
<kw name="Get Property" owner="Browser">
<msg time="2025-11-24T16:09:33.109561" level="INFO">Property: 'São Paulo/SP'</msg>
<arg>css=input[name=addressCityUf]</arg>
<arg>value</arg>
<arg>equal</arg>
<arg>${addressCityUf}</arg>
<tag>Assertion</tag>
<tag>Getter</tag>
<tag>PageContent</tag>
<doc>Returns the ``property`` of the element found by ``selector``.</doc>
<status status="PASS" start="2025-11-24T16:09:33.103768" elapsed="0.005869"/>
</kw>
<kw name="Fill Text" owner="Browser">
<msg time="2025-11-24T16:09:33.110252" level="INFO">Fills the text '22' in the given field.</msg>
<arg>css=input[name=addressNumber]</arg>
<arg>${addressNumber}</arg>
<tag>PageContent</tag>
<tag>Setter</tag>
<doc>Clears and fills the given ``txt`` into the text field found by ``selector``.</doc>
<status status="PASS" start="2025-11-24T16:09:33.109844" elapsed="0.011239"/>
</kw>
<kw name="Fill Text" owner="Browser">
<msg time="2025-11-24T16:09:33.122228" level="INFO">Fills the text 'Esquina' in the given field.</msg>
<arg>css=input[name=addressDetails]</arg>
<arg>${addressDetails}</arg>
<tag>PageContent</tag>
<tag>Setter</tag>
<doc>Clears and fills the given ``txt`` into the text field found by ``selector``.</doc>
<status status="PASS" start="2025-11-24T16:09:33.121468" elapsed="0.010026"/>
</kw>
<kw name="Sleep" owner="BuiltIn">
<msg time="2025-11-24T16:09:43.132214" level="INFO">Slept 10 seconds.</msg>
<arg>10</arg>
<doc>Pauses the test executed for the given time.</doc>
<status status="PASS" start="2025-11-24T16:09:33.131773" elapsed="10.000620"/>
</kw>
<msg time="2025-11-24T16:09:43.146703" level="INFO">Switching context to context=dcc795e5-13f6-48bc-b4c2-3cdd6116e69f in CURRENT</msg>
<msg time="2025-11-24T16:09:43.152707" level="INFO">Successfully changed active context: context=dcc795e5-13f6-48bc-b4c2-3cdd6116e69f</msg>
<msg time="2025-11-24T16:09:43.201127" level="INFO">Successfully closed Context</msg>
<status status="PASS" start="2025-11-24T16:09:30.082116" elapsed="13.050983"/>
</test>
<doc>Suite de testes de cadastro de dog walker</doc>
<status status="PASS" start="2025-11-24T16:09:29.917435" elapsed="13.284740"/>
</suite>
<statistics>
<total>
<stat pass="1" fail="0" skip="0">All Tests</stat>
</total>
<tag>
</tag>
<suite>
<stat name="Signup" id="s1" pass="1" fail="0" skip="0">Signup</stat>
</suite>
</statistics>
<errors>
</errors>
</robot>
